[0m14:13:42.880390 [debug] [MainThread]: Sending event: {'category': 'dbt', 'action': 'invocation', 'label': 'start', 'context': [<snowplow_tracker.self_describing_json.SelfDescribingJson object at 0x000001C600E2F100>, <snowplow_tracker.self_describing_json.SelfDescribingJson object at 0x000001C60298E2E0>, <snowplow_tracker.self_describing_json.SelfDescribingJson object at 0x000001C60298E0A0>]}


============================== 14:13:42.889365 | 0ce4ee12-ca11-479f-bb4f-375688faeb52 ==============================
[0m14:13:42.889365 [info ] [MainThread]: Running with dbt=1.10.10
[0m14:13:42.891360 [debug] [MainThread]: running dbt with arguments {'warn_error': 'None', 'partial_parse': 'True', 'log_cache_events': 'False', 'quiet': 'False', 'invocation_command': 'dbt init my_dbt_project', 'log_path': 'logs', 'log_format': 'default', 'write_json': 'True', 'indirect_selection': 'eager', 'cache_selected_only': 'False', 'target_path': 'None', 'empty': 'None', 'printer_width': '80', 'use_colors': 'True', 'introspect': 'True', 'fail_fast': 'False', 'send_anonymous_usage_stats': 'True', 'profiles_dir': 'C:\\Users\\Kered\\.dbt', 'use_experimental_parser': 'False', 'static_parser': 'True', 'debug': 'False', 'version_check': 'True', 'no_print': 'None', 'warn_error_options': 'WarnErrorOptionsV2(error=[], warn=[], silence=[])'}
[0m14:13:42.938344 [info ] [MainThread]: Creating dbt configuration folder at C:\Users\Kered\.dbt
[0m14:13:42.942958 [debug] [MainThread]: Starter project path: C:\Users\Kered\GCP\venv\lib\site-packages\dbt\include\starter_project
[0m14:13:42.980653 [info ] [MainThread]: 
Your new dbt project "my_dbt_project" was created!

For more information on how to configure the profiles.yml file,
please consult the dbt documentation here:

  https://docs.getdbt.com/docs/configure-your-profile

One more thing:

Need help? Don't hesitate to reach out to us via GitHub issues or on Slack:

  https://community.getdbt.com/

Happy modeling!

[0m14:13:42.985639 [info ] [MainThread]: Setting up your profile.
[0m14:38:14.590817 [info ] [MainThread]: Profile my_dbt_project written to C:\Users\Kered\.dbt\profiles.yml using target's profile_template.yml and your supplied values. Run 'dbt debug' to validate the connection.
[0m14:38:14.616999 [debug] [MainThread]: Command `dbt init` succeeded at 14:38:14.616999 after 1471.89 seconds
[0m14:38:14.616999 [debug] [MainThread]: Sending event: {'category': 'dbt', 'action': 'invocation', 'label': 'end', 'context': [<snowplow_tracker.self_describing_json.SelfDescribingJson object at 0x000001C600E2F100>, <snowplow_tracker.self_describing_json.SelfDescribingJson object at 0x000001C602935CD0>, <snowplow_tracker.self_describing_json.SelfDescribingJson object at 0x000001C615CB1550>]}
[0m14:38:14.616999 [debug] [MainThread]: Flushing usage events
[0m14:38:15.111202 [debug] [MainThread]: An error was encountered while trying to flush usage events
[0m16:33:13.893820 [debug] [MainThread]: Sending event: {'category': 'dbt', 'action': 'invocation', 'label': 'start', 'context': [<snowplow_tracker.self_describing_json.SelfDescribingJson object at 0x0000022E90DBF190>, <snowplow_tracker.self_describing_json.SelfDescribingJson object at 0x0000022E92B5DE50>, <snowplow_tracker.self_describing_json.SelfDescribingJson object at 0x0000022E92B5DC70>]}


============================== 16:33:13.893820 | 867a76ea-ca5a-4540-8849-fb03ab75caff ==============================
[0m16:33:13.893820 [info ] [MainThread]: Running with dbt=1.10.10
[0m16:33:13.893820 [debug] [MainThread]: running dbt with arguments {'quiet': 'False', 'warn_error': 'None', 'empty': 'False', 'partial_parse': 'True', 'invocation_command': 'dbt compile', 'log_path': 'logs', 'log_format': 'default', 'write_json': 'True', 'indirect_selection': 'eager', 'cache_selected_only': 'False', 'target_path': 'None', 'profiles_dir': 'C:\\Users\\Kered\\.dbt', 'printer_width': '80', 'use_colors': 'True', 'introspect': 'True', 'fail_fast': 'False', 'send_anonymous_usage_stats': 'True', 'log_cache_events': 'False', 'use_experimental_parser': 'False', 'static_parser': 'True', 'debug': 'False', 'version_check': 'True', 'no_print': 'None', 'warn_error_options': 'WarnErrorOptionsV2(error=[], warn=[], silence=[])'}
[0m16:33:13.909443 [error] [MainThread]: Encountered an error:
Runtime Error
  No dbt_project.yml found at expected path C:\Users\Kered\GCP\dbt_project.yml
  Verify that each entry within packages.yml (and their transitive dependencies) contains a file named dbt_project.yml
  
[0m16:33:13.915155 [debug] [MainThread]: Command `dbt compile` failed at 16:33:13.914020 after 0.18 seconds
[0m16:33:13.916650 [debug] [MainThread]: Sending event: {'category': 'dbt', 'action': 'invocation', 'label': 'end', 'context': [<snowplow_tracker.self_describing_json.SelfDescribingJson object at 0x0000022E90DBF190>, <snowplow_tracker.self_describing_json.SelfDescribingJson object at 0x0000022E92B5DD90>, <snowplow_tracker.self_describing_json.SelfDescribingJson object at 0x0000022E92B5DF70>]}
[0m16:33:13.917648 [debug] [MainThread]: Flushing usage events
[0m16:33:14.518466 [debug] [MainThread]: An error was encountered while trying to flush usage events
